<?xml version="1.0" encoding="UTF-8"?>
<!-- Generated by org.testng.reporters.JUnitXMLReporter -->
<testsuite hostname="samis-MacBook-Pro.local" ignored="0" name="Amazon" tests="14" failures="0" timestamp="29 Sep 2017 17:00:43 GMT" time="0.048" errors="0">
  <testcase name="@BeforeMethod setUp" time="0.005" classname="Base.CommonAPI">
    <failure type="java.lang.NullPointerException">
      <![CDATA[java.lang.NullPointerException
	at Base.CommonAPI.setUp(CommonAPI.java:50)
	at java.util.concurrent.FutureTask.run(FutureTask.java:266)
	at java.util.concurrent.ThreadPoolExecutor.runWorker(ThreadPoolExecutor.java:1149)
	at java.util.concurrent.ThreadPoolExecutor$Worker.run(ThreadPoolExecutor.java:624)
	at java.lang.Thread.run(Thread.java:748)
... Removed 18 stack frames]]>
    </failure>
  </testcase> <!-- @BeforeMethod setUp -->
  <testcase name="@BeforeMethod setUp" time="0.0" classname="Base.CommonAPI">
    <skipped/>
  </testcase> <!-- @BeforeMethod setUp -->
  <testcase name="@BeforeMethod setUp" time="0.0" classname="Base.CommonAPI">
    <skipped/>
  </testcase> <!-- @BeforeMethod setUp -->
  <testcase name="@BeforeMethod setUp" time="0.0" classname="Base.CommonAPI">
    <skipped/>
  </testcase> <!-- @BeforeMethod setUp -->
  <testcase name="@BeforeMethod setUp" time="0.0" classname="Base.CommonAPI">
    <skipped/>
  </testcase> <!-- @BeforeMethod setUp -->
  <testcase name="@BeforeMethod setUp" time="0.0" classname="Base.CommonAPI">
    <skipped/>
  </testcase> <!-- @BeforeMethod setUp -->
  <testcase name="@BeforeMethod setUp" time="0.0" classname="Base.CommonAPI">
    <skipped/>
  </testcase> <!-- @BeforeMethod setUp -->
  <testcase name="@BeforeMethod setUp" time="0.0" classname="Base.CommonAPI">
    <skipped/>
  </testcase> <!-- @BeforeMethod setUp -->
  <testcase name="@BeforeMethod setUp" time="0.0" classname="Base.CommonAPI">
    <skipped/>
  </testcase> <!-- @BeforeMethod setUp -->
  <testcase name="@BeforeMethod setUp" time="0.0" classname="Base.CommonAPI">
    <skipped/>
  </testcase> <!-- @BeforeMethod setUp -->
  <testcase name="@BeforeMethod setUp" time="0.0" classname="Base.CommonAPI">
    <skipped/>
  </testcase> <!-- @BeforeMethod setUp -->
  <testcase name="@BeforeMethod setUp" time="0.0" classname="Base.CommonAPI">
    <skipped/>
  </testcase> <!-- @BeforeMethod setUp -->
  <testcase name="@BeforeMethod setUp" time="0.0" classname="Base.CommonAPI">
    <skipped/>
  </testcase> <!-- @BeforeMethod setUp -->
  <testcase name="@BeforeMethod setUp" time="0.0" classname="Base.CommonAPI">
    <skipped/>
  </testcase> <!-- @BeforeMethod setUp -->
  <testcase name="testSearchUP" time="0.001" classname="Home.TestamazonHomepage">
    <skipped/>
  </testcase> <!-- testSearchUP -->
  <testcase name="testSearch" time="0.0" classname="search.SearchItems">
    <skipped/>
  </testcase> <!-- testSearch -->
  <testcase name="searchMenu" time="0.0" classname="search.DropDownMenuSearch">
    <skipped/>
  </testcase> <!-- searchMenu -->
  <testcase name="testSearchUP" time="0.0" classname="Home.TestAmazonhome">
    <skipped/>
  </testcase> <!-- testSearchUP -->
  <testcase name="TestClick" time="0.0" classname="Home.TestAmazonhome">
    <skipped/>
  </testcase> <!-- TestClick -->
  <testcase name="testSearchDropdownBox" time="0.0" classname="Home.TestAmazonhome">
    <skipped/>
  </testcase> <!-- testSearchDropdownBox -->
  <testcase name="testprintSearchDropdownOptions" time="0.0" classname="Home.TestAmazonhome">
    <skipped/>
  </testcase> <!-- testprintSearchDropdownOptions -->
  <testcase name="testSearchDropdownBoxWithSelect" time="0.0" classname="Home.TestAmazonhome">
    <skipped/>
  </testcase> <!-- testSearchDropdownBoxWithSelect -->
  <testcase name="testSearchFor" time="0.0" classname="Home.TestAmazonhome">
    <skipped/>
  </testcase> <!-- testSearchFor -->
  <testcase name="testClickOnGiftcard" time="0.0" classname="Home.TestAmazonhome">
    <skipped/>
  </testcase> <!-- testClickOnGiftcard -->
  <testcase name="testClickOnShoppingCart" time="0.0" classname="Home.TestAmazonhome">
    <skipped/>
  </testcase> <!-- testClickOnShoppingCart -->
  <testcase name="testclickOnAmazonSell" time="0.0" classname="Home.TestAmazonhome">
    <skipped/>
  </testcase> <!-- testclickOnAmazonSell -->
  <testcase name="testclickOnorder" time="0.0" classname="Home.TestAmazonhome">
    <skipped/>
  </testcase> <!-- testclickOnorder -->
  <testcase name="testSignInAmazon" time="0.0" classname="Home.TestAmazonhome">
    <skipped/>
  </testcase> <!-- testSignInAmazon -->
</testsuite> <!-- Amazon -->
